Looking for git in: git
Using git 2.17.1 from git
> git rev-parse --show-toplevel
> git config --get commit.template
Open repository: /opt/lampp/htdocs/TTCNPM182-N35
> git status -z -u
> git symbolic-ref --short HEAD
> git rev-parse master
> git rev-parse --symbolic-full-name master@{u}
> git rev-list --left-right master...refs/remotes/origin/master
> git for-each-ref --format %(refname) %(objectname) --sort -committerdate
> git remote --verbose
> git check-ignore -z --stdin
> git check-ignore -z --stdin
> git status -z -u
> git symbolic-ref --short HEAD
> git rev-parse master
> git rev-parse --symbolic-full-name master@{u}
> git rev-list --left-right master...refs/remotes/origin/master
> git for-each-ref --format %(refname) %(objectname) --sort -committerdate
> git remote --verbose
> git check-ignore -z --stdin
> git show :hangrongbku/config/app.php
> git check-ignore -z --stdin
> git show :hangrongbku/composer.lock
> git show :hangrongbku/Procfile
> git show :hangrongbku/phpunit.xml
> git show :hangrongbku/server.php
> git show :hangrongbku/webpack.mix.js
> git status -z -u
> git symbolic-ref --short HEAD
> git rev-parse master
> git rev-parse --symbolic-full-name master@{u}
> git rev-list --left-right master...refs/remotes/origin/master
> git for-each-ref --format %(refname) %(objectname) --sort -committerdate
> git remote --verbose
> git show :hangrongbku/phpunit.xml
> git show :hangrongbku/package.json
> git show :hangrongbku/log.log
> git show :hangrongbku/hangrongbku.sql
> git show :hangrongbku/log.log
> git show :hangrongbku/hangrongbku.sql
> git show :hangrongbku/composer.json
> git show :hangrongbku/artisan
> git show :hangrongbku/composer.json
> git check-ignore -z --stdin
> git check-ignore -z --stdin
> git check-ignore -z --stdin
> git check-ignore -z --stdin
> git show :hangrongbku/config/app.php
> git show :hangrongbku/config/auth.php
> git show :hangrongbku/config/broadcasting.php
> git show :hangrongbku/config/cache.php
> git show :hangrongbku/config/database.php
> git show :hangrongbku/config/filesystems.php
> git show :hangrongbku/config/hashing.php
> git show :hangrongbku/config/logging.php
> git check-ignore -z --stdin
> git check-ignore -z --stdin
> git show :hangrongbku/database/factories/UserFactory.php
> git check-ignore -z --stdin
> git check-ignore -z --stdin
> git check-ignore -z --stdin
> git check-ignore -z --stdin
> git check-ignore -z --stdin
> git check-ignore -z --stdin
> git check-ignore -z --stdin
> git check-ignore -z --stdin
> git check-ignore -z --stdin
> git check-ignore -z --stdin
> git check-ignore -z --stdin
> git show :hangrongbku/resources/views/mailFeedback.blade.php
> git show :hangrongbku/resources/views/email-verify.blade.php
> git status -z -u
> git symbolic-ref --short HEAD
> git rev-parse master
> git rev-parse --symbolic-full-name master@{u}
> git rev-list --left-right master...refs/remotes/origin/master
> git for-each-ref --format %(refname) %(objectname) --sort -committerdate
> git remote --verbose
> git show :hangrongbku/resources/views/mailFeedback.blade.php
> git show :hangrongbku/resources/views/welcome.blade.php
> git check-ignore -z --stdin
> git show :hangrongbku/routes/api.php
> git show :hangrongbku/routes/channels.php
> git show :hangrongbku/routes/console.php
> git show :hangrongbku/routes/web.php
> git show :hangrongbku/resources/views/email-verify.blade.php
> git show :hangrongbku/.env
> git show :hangrongbku/.gitignore
> git check-ignore -z --stdin
