[ 08:57:51 | command ] git rev-parse --show-toplevel
[ 08:57:51 | command ] git blame --incremental -- /opt/lampp/htdocs/TTCNPM182-N35/hangrongbku/config/app.php
[ 08:57:51 | info ] Blamed file "/opt/lampp/htdocs/TTCNPM182-N35/hangrongbku/config/app.php" and found 4 commits
[ 08:58:01 | command ] git rev-parse --show-toplevel
[ 08:58:01 | command ] git blame --incremental -- /opt/lampp/htdocs/TTCNPM182-N35/hangrongbku/composer.lock
[ 08:58:01 | info ] Blamed file "/opt/lampp/htdocs/TTCNPM182-N35/hangrongbku/composer.lock" and found 5 commits
[ 08:58:07 | command ] git rev-parse --show-toplevel
[ 08:58:07 | command ] git blame --incremental -- /opt/lampp/htdocs/TTCNPM182-N35/hangrongbku/Procfile
[ 08:58:07 | info ] Blamed file "/opt/lampp/htdocs/TTCNPM182-N35/hangrongbku/Procfile" and found 2 commits
[ 08:58:11 | command ] git rev-parse --show-toplevel
[ 08:58:11 | command ] git blame --incremental -- /opt/lampp/htdocs/TTCNPM182-N35/hangrongbku/phpunit.xml
[ 08:58:11 | info ] Blamed file "/opt/lampp/htdocs/TTCNPM182-N35/hangrongbku/phpunit.xml" and found 2 commits
[ 08:58:14 | command ] git rev-parse --show-toplevel
[ 08:58:14 | command ] git blame --incremental -- /opt/lampp/htdocs/TTCNPM182-N35/hangrongbku/server.php
[ 08:58:14 | info ] Blamed file "/opt/lampp/htdocs/TTCNPM182-N35/hangrongbku/server.php" and found 2 commits
[ 08:58:19 | command ] git rev-parse --show-toplevel
[ 08:58:19 | command ] git blame --incremental -- /opt/lampp/htdocs/TTCNPM182-N35/hangrongbku/webpack.mix.js
[ 08:58:19 | info ] Blamed file "/opt/lampp/htdocs/TTCNPM182-N35/hangrongbku/webpack.mix.js" and found 2 commits
[ 08:58:21 | command ] git rev-parse --show-toplevel
[ 08:58:23 | command ] git blame --incremental -- /opt/lampp/htdocs/TTCNPM182-N35/hangrongbku/readme.md
[ 08:58:23 | info ] Blamed file "/opt/lampp/htdocs/TTCNPM182-N35/hangrongbku/readme.md" and found 3 commits
[ 08:58:25 | command ] git rev-parse --show-toplevel
[ 08:58:25 | command ] git blame --incremental -- /opt/lampp/htdocs/TTCNPM182-N35/hangrongbku/log.log
[ 08:58:25 | info ] Blamed file "/opt/lampp/htdocs/TTCNPM182-N35/hangrongbku/log.log" and found 0 commits
[ 08:58:26 | command ] git rev-parse --show-toplevel
[ 08:58:26 | command ] git blame --incremental -- /opt/lampp/htdocs/TTCNPM182-N35/hangrongbku/hangrongbku.sql
[ 08:58:26 | info ] Blamed file "/opt/lampp/htdocs/TTCNPM182-N35/hangrongbku/hangrongbku.sql" and found 8 commits
[ 08:58:33 | command ] git rev-parse --show-toplevel
[ 08:58:33 | command ] git blame --incremental -- /opt/lampp/htdocs/TTCNPM182-N35/hangrongbku/composer.json
[ 08:58:33 | info ] Blamed file "/opt/lampp/htdocs/TTCNPM182-N35/hangrongbku/composer.json" and found 4 commits
[ 08:58:34 | command ] git rev-parse --show-toplevel
[ 08:58:34 | command ] git blame --incremental -- /opt/lampp/htdocs/TTCNPM182-N35/hangrongbku/artisan
[ 08:58:34 | info ] Blamed file "/opt/lampp/htdocs/TTCNPM182-N35/hangrongbku/artisan" and found 2 commits
[ 08:58:45 | command ] git blame --incremental -- /opt/lampp/htdocs/TTCNPM182-N35/hangrongbku/composer.json
[ 08:58:45 | info ] Blamed file "/opt/lampp/htdocs/TTCNPM182-N35/hangrongbku/composer.json" and found 4 commits
[ 08:58:51 | command ] git blame --incremental -- /opt/lampp/htdocs/TTCNPM182-N35/hangrongbku/composer.json
[ 08:58:51 | info ] Blamed file "/opt/lampp/htdocs/TTCNPM182-N35/hangrongbku/composer.json" and found 4 commits
[ 08:59:10 | command ] git blame --incremental -- /opt/lampp/htdocs/TTCNPM182-N35/hangrongbku/composer.json
[ 08:59:10 | info ] Blamed file "/opt/lampp/htdocs/TTCNPM182-N35/hangrongbku/composer.json" and found 4 commits
[ 08:59:25 | command ] git blame --incremental -- /opt/lampp/htdocs/TTCNPM182-N35/hangrongbku/config/app.php
[ 08:59:25 | info ] Blamed file "/opt/lampp/htdocs/TTCNPM182-N35/hangrongbku/config/app.php" and found 3 commits
[ 08:59:32 | command ] git rev-parse --show-toplevel
[ 08:59:32 | command ] git blame --incremental -- /opt/lampp/htdocs/TTCNPM182-N35/hangrongbku/config/auth.php
[ 08:59:32 | info ] Blamed file "/opt/lampp/htdocs/TTCNPM182-N35/hangrongbku/config/auth.php" and found 2 commits
[ 08:59:36 | command ] git rev-parse --show-toplevel
[ 08:59:36 | command ] git blame --incremental -- /opt/lampp/htdocs/TTCNPM182-N35/hangrongbku/config/broadcasting.php
[ 08:59:36 | info ] Blamed file "/opt/lampp/htdocs/TTCNPM182-N35/hangrongbku/config/broadcasting.php" and found 2 commits
[ 08:59:44 | command ] git rev-parse --show-toplevel
[ 08:59:44 | command ] git blame --incremental -- /opt/lampp/htdocs/TTCNPM182-N35/hangrongbku/config/cache.php
[ 08:59:44 | info ] Blamed file "/opt/lampp/htdocs/TTCNPM182-N35/hangrongbku/config/cache.php" and found 2 commits
[ 08:59:49 | command ] git rev-parse --show-toplevel
[ 08:59:49 | command ] git blame --incremental -- /opt/lampp/htdocs/TTCNPM182-N35/hangrongbku/config/database.php
[ 08:59:49 | info ] Blamed file "/opt/lampp/htdocs/TTCNPM182-N35/hangrongbku/config/database.php" and found 2 commits
[ 08:59:59 | command ] git rev-parse --show-toplevel
[ 08:59:59 | command ] git blame --incremental -- /opt/lampp/htdocs/TTCNPM182-N35/hangrongbku/config/filesystems.php
[ 08:59:59 | info ] Blamed file "/opt/lampp/htdocs/TTCNPM182-N35/hangrongbku/config/filesystems.php" and found 2 commits
[ 09:00:05 | command ] git rev-parse --show-toplevel
[ 09:00:05 | command ] git blame --incremental -- /opt/lampp/htdocs/TTCNPM182-N35/hangrongbku/config/logging.php
[ 09:00:06 | info ] Blamed file "/opt/lampp/htdocs/TTCNPM182-N35/hangrongbku/config/logging.php" and found 2 commits
[ 09:00:36 | command ] git rev-parse --show-toplevel
[ 09:00:36 | command ] git blame --incremental -- /opt/lampp/htdocs/TTCNPM182-N35/hangrongbku/resources/views/email-verify.blade.php
[ 09:00:36 | info ] Blamed file "/opt/lampp/htdocs/TTCNPM182-N35/hangrongbku/resources/views/email-verify.blade.php" and found 3 commits
[ 09:01:02 | command ] git blame --incremental -- /opt/lampp/htdocs/TTCNPM182-N35/hangrongbku/resources/views/email-verify.blade.php
[ 09:01:02 | info ] Blamed file "/opt/lampp/htdocs/TTCNPM182-N35/hangrongbku/resources/views/email-verify.blade.php" and found 3 commits
[ 09:01:13 | command ] git blame --incremental -- /opt/lampp/htdocs/TTCNPM182-N35/hangrongbku/resources/views/email-verify.blade.php
[ 09:01:14 | info ] Blamed file "/opt/lampp/htdocs/TTCNPM182-N35/hangrongbku/resources/views/email-verify.blade.php" and found 3 commits
[ 09:01:17 | command ] git blame --incremental -- /opt/lampp/htdocs/TTCNPM182-N35/hangrongbku/resources/views/email-verify.blade.php
[ 09:01:17 | info ] Blamed file "/opt/lampp/htdocs/TTCNPM182-N35/hangrongbku/resources/views/email-verify.blade.php" and found 3 commits
[ 09:01:20 | command ] git blame --incremental -- /opt/lampp/htdocs/TTCNPM182-N35/hangrongbku/resources/views/email-verify.blade.php
[ 09:01:20 | info ] Blamed file "/opt/lampp/htdocs/TTCNPM182-N35/hangrongbku/resources/views/email-verify.blade.php" and found 3 commits
[ 09:01:21 | command ] git rev-parse --show-toplevel
[ 09:01:21 | command ] git blame --incremental -- /opt/lampp/htdocs/TTCNPM182-N35/hangrongbku/resources/views/welcome.blade.php
[ 09:01:21 | info ] Blamed file "/opt/lampp/htdocs/TTCNPM182-N35/hangrongbku/resources/views/welcome.blade.php" and found 3 commits
[ 09:01:28 | command ] git rev-parse --show-toplevel
[ 09:01:28 | command ] git blame --incremental -- /opt/lampp/htdocs/TTCNPM182-N35/hangrongbku/routes/channels.php
[ 09:01:28 | info ] Blamed file "/opt/lampp/htdocs/TTCNPM182-N35/hangrongbku/routes/channels.php" and found 2 commits
[ 09:01:29 | command ] git rev-parse --show-toplevel
[ 09:01:29 | command ] git blame --incremental -- /opt/lampp/htdocs/TTCNPM182-N35/hangrongbku/routes/console.php
[ 09:01:29 | info ] Blamed file "/opt/lampp/htdocs/TTCNPM182-N35/hangrongbku/routes/console.php" and found 2 commits
[ 09:01:30 | command ] git rev-parse --show-toplevel
[ 09:01:30 | command ] git blame --incremental -- /opt/lampp/htdocs/TTCNPM182-N35/hangrongbku/routes/web.php
[ 09:01:30 | info ] Blamed file "/opt/lampp/htdocs/TTCNPM182-N35/hangrongbku/routes/web.php" and found 26 commits
[ 09:01:38 | command ] git blame --incremental -- /opt/lampp/htdocs/TTCNPM182-N35/hangrongbku/routes/web.php
[ 09:01:38 | info ] Blamed file "/opt/lampp/htdocs/TTCNPM182-N35/hangrongbku/routes/web.php" and found 26 commits
[ 09:02:11 | info ] Clearing the file "/opt/lampp/htdocs/TTCNPM182-N35/hangrongbku/phpunit.xml" from the internal cache
[ 09:02:14 | info ] Clearing the file "/opt/lampp/htdocs/TTCNPM182-N35/hangrongbku/server.php" from the internal cache
[ 09:02:19 | info ] Clearing the file "/opt/lampp/htdocs/TTCNPM182-N35/hangrongbku/webpack.mix.js" from the internal cache
[ 09:02:19 | command ] git blame --incremental -- /opt/lampp/htdocs/TTCNPM182-N35/hangrongbku/resources/views/email-verify.blade.php
[ 09:02:19 | info ] Blamed file "/opt/lampp/htdocs/TTCNPM182-N35/hangrongbku/resources/views/email-verify.blade.php" and found 3 commits
[ 09:02:23 | info ] Clearing the file "/opt/lampp/htdocs/TTCNPM182-N35/hangrongbku/readme.md" from the internal cache
[ 09:02:25 | info ] Clearing the file "/opt/lampp/htdocs/TTCNPM182-N35/hangrongbku/log.log" from the internal cache
[ 09:02:26 | info ] Clearing the file "/opt/lampp/htdocs/TTCNPM182-N35/hangrongbku/hangrongbku.sql" from the internal cache
[ 09:02:34 | info ] Clearing the file "/opt/lampp/htdocs/TTCNPM182-N35/hangrongbku/artisan" from the internal cache
[ 09:03:10 | info ] Clearing the file "/opt/lampp/htdocs/TTCNPM182-N35/hangrongbku/composer.json" from the internal cache
[ 09:03:25 | info ] Clearing the file "/opt/lampp/htdocs/TTCNPM182-N35/hangrongbku/config/app.php" from the internal cache
[ 09:03:32 | info ] Clearing the file "/opt/lampp/htdocs/TTCNPM182-N35/hangrongbku/config/auth.php" from the internal cache
[ 09:03:36 | info ] Clearing the file "/opt/lampp/htdocs/TTCNPM182-N35/hangrongbku/config/broadcasting.php" from the internal cache
[ 09:03:44 | info ] Clearing the file "/opt/lampp/htdocs/TTCNPM182-N35/hangrongbku/config/cache.php" from the internal cache
[ 09:03:49 | info ] Clearing the file "/opt/lampp/htdocs/TTCNPM182-N35/hangrongbku/config/database.php" from the internal cache
[ 09:03:59 | info ] Clearing the file "/opt/lampp/htdocs/TTCNPM182-N35/hangrongbku/config/filesystems.php" from the internal cache
[ 09:04:06 | info ] Clearing the file "/opt/lampp/htdocs/TTCNPM182-N35/hangrongbku/config/logging.php" from the internal cache
[ 09:04:21 | command ] git rev-parse --show-toplevel
[ 09:04:21 | command ] git blame --incremental -- /opt/lampp/htdocs/TTCNPM182-N35/hangrongbku/.env
[ 09:04:21 | info ] Blamed file "/opt/lampp/htdocs/TTCNPM182-N35/hangrongbku/.env" and found 5 commits
[ 09:04:29 | command ] git blame --incremental -- /opt/lampp/htdocs/TTCNPM182-N35/hangrongbku/.env
[ 09:04:29 | info ] Blamed file "/opt/lampp/htdocs/TTCNPM182-N35/hangrongbku/.env" and found 5 commits
[ 09:05:21 | info ] Clearing the file "/opt/lampp/htdocs/TTCNPM182-N35/hangrongbku/resources/views/welcome.blade.php" from the internal cache
[ 09:05:28 | info ] Clearing the file "/opt/lampp/htdocs/TTCNPM182-N35/hangrongbku/routes/channels.php" from the internal cache
[ 09:05:29 | info ] Clearing the file "/opt/lampp/htdocs/TTCNPM182-N35/hangrongbku/routes/console.php" from the internal cache
[ 09:05:38 | info ] Clearing the file "/opt/lampp/htdocs/TTCNPM182-N35/hangrongbku/routes/web.php" from the internal cache
[ 09:06:19 | info ] Clearing the file "/opt/lampp/htdocs/TTCNPM182-N35/hangrongbku/resources/views/email-verify.blade.php" from the internal cache
[ 09:18:19 | command ] git rev-parse --show-toplevel
[ 09:18:19 | command ] git blame --incremental -- /opt/lampp/htdocs/TTCNPM182-N35/hangrongbku/.gitignore
[ 09:18:19 | info ] Blamed file "/opt/lampp/htdocs/TTCNPM182-N35/hangrongbku/.gitignore" and found 2 commits
