[2019-05-05 12:24:01.150] [exthost] [info] extension host started
[2019-05-05 12:24:01.171] [exthost] [info] ExtensionService#_doActivateExtension vscode.debug-auto-launch {"startup":true,"activationEvent":"*"}
[2019-05-05 12:24:01.172] [exthost] [info] ExtensionService#loadCommonJSModule /usr/share/code/resources/app/extensions/debug-auto-launch/dist/extension
[2019-05-05 12:24:01.174] [exthost] [info] ExtensionService#_doActivateExtension vscode.emmet {"startup":true,"activationEvent":"*"}
[2019-05-05 12:24:01.174] [exthost] [info] ExtensionService#loadCommonJSModule /usr/share/code/resources/app/extensions/emmet/dist/extension
[2019-05-05 12:24:01.186] [exthost] [info] ExtensionService#_doActivateExtension vscode.git {"startup":true,"activationEvent":"*"}
[2019-05-05 12:24:01.186] [exthost] [info] ExtensionService#loadCommonJSModule /usr/share/code/resources/app/extensions/git/dist/main
[2019-05-05 12:24:01.254] [exthost] [info] ExtensionService#_doActivateExtension vscode.merge-conflict {"startup":true,"activationEvent":"*"}
[2019-05-05 12:24:01.254] [exthost] [info] ExtensionService#loadCommonJSModule /usr/share/code/resources/app/extensions/merge-conflict/dist/extension
[2019-05-05 12:24:01.259] [exthost] [info] ExtensionService#_doActivateExtension alefragnani.project-manager {"startup":true,"activationEvent":"*"}
[2019-05-05 12:24:01.259] [exthost] [info] ExtensionService#loadCommonJSModule /home/lap12448/.vscode/extensions/alefragnani.project-manager-10.5.1/dist/extension
[2019-05-05 12:24:01.266] [exthost] [info] ExtensionService#_doActivateExtension eamodio.gitlens {"startup":true,"activationEvent":"*"}
[2019-05-05 12:24:01.266] [exthost] [info] ExtensionService#loadCommonJSModule /home/lap12448/.vscode/extensions/eamodio.gitlens-9.6.3/dist/extension
[2019-05-05 12:24:01.367] [exthost] [info] ExtensionService#_doActivateExtension michelemelluso.code-beautifier {"startup":true,"activationEvent":"*"}
[2019-05-05 12:24:01.367] [exthost] [info] ExtensionService#loadCommonJSModule /home/lap12448/.vscode/extensions/michelemelluso.code-beautifier-2.2.1/out/src/extension
[2019-05-05 12:24:01.387] [exthost] [info] eager extensions activated
[2019-05-05 12:24:01.496] [exthost] [info] ExtensionService#_doActivateExtension vscode.html-language-features {"startup":false,"activationEvent":"onLanguage:html"}
[2019-05-05 12:24:01.496] [exthost] [info] ExtensionService#loadCommonJSModule /usr/share/code/resources/app/extensions/html-language-features/client/dist/htmlMain
[2019-05-05 12:24:18.603] [exthost] [info] extension host started
[2019-05-05 12:24:18.622] [exthost] [info] ExtensionService#_doActivateExtension vscode.debug-auto-launch {"startup":true,"activationEvent":"*"}
[2019-05-05 12:24:18.622] [exthost] [info] ExtensionService#loadCommonJSModule /usr/share/code/resources/app/extensions/debug-auto-launch/dist/extension
[2019-05-05 12:24:18.625] [exthost] [info] ExtensionService#_doActivateExtension vscode.emmet {"startup":true,"activationEvent":"*"}
[2019-05-05 12:24:18.625] [exthost] [info] ExtensionService#loadCommonJSModule /usr/share/code/resources/app/extensions/emmet/dist/extension
[2019-05-05 12:24:18.638] [exthost] [info] ExtensionService#_doActivateExtension vscode.git {"startup":true,"activationEvent":"*"}
[2019-05-05 12:24:18.638] [exthost] [info] ExtensionService#loadCommonJSModule /usr/share/code/resources/app/extensions/git/dist/main
[2019-05-05 12:24:18.709] [exthost] [info] ExtensionService#_doActivateExtension vscode.merge-conflict {"startup":true,"activationEvent":"*"}
[2019-05-05 12:24:18.709] [exthost] [info] ExtensionService#loadCommonJSModule /usr/share/code/resources/app/extensions/merge-conflict/dist/extension
[2019-05-05 12:24:18.714] [exthost] [info] ExtensionService#_doActivateExtension alefragnani.project-manager {"startup":true,"activationEvent":"*"}
[2019-05-05 12:24:18.714] [exthost] [info] ExtensionService#loadCommonJSModule /home/lap12448/.vscode/extensions/alefragnani.project-manager-10.5.1/dist/extension
[2019-05-05 12:24:18.721] [exthost] [info] ExtensionService#_doActivateExtension eamodio.gitlens {"startup":true,"activationEvent":"*"}
[2019-05-05 12:24:18.721] [exthost] [info] ExtensionService#loadCommonJSModule /home/lap12448/.vscode/extensions/eamodio.gitlens-9.6.3/dist/extension
[2019-05-05 12:24:18.806] [exthost] [info] ExtensionService#_doActivateExtension michelemelluso.code-beautifier {"startup":true,"activationEvent":"*"}
[2019-05-05 12:24:18.806] [exthost] [info] ExtensionService#loadCommonJSModule /home/lap12448/.vscode/extensions/michelemelluso.code-beautifier-2.2.1/out/src/extension
[2019-05-05 12:24:19.027] [exthost] [info] eager extensions activated
[2019-05-05 12:24:19.749] [exthost] [info] ExtensionService#_doActivateExtension vscode.configuration-editing {"startup":false,"activationEvent":"onLanguage:jsonc"}
[2019-05-05 12:24:19.749] [exthost] [info] ExtensionService#loadCommonJSModule /usr/share/code/resources/app/extensions/configuration-editing/dist/extension
[2019-05-05 12:24:19.757] [exthost] [info] ExtensionService#_doActivateExtension vscode.json-language-features {"startup":false,"activationEvent":"onLanguage:jsonc"}
[2019-05-05 12:24:19.757] [exthost] [info] ExtensionService#loadCommonJSModule /usr/share/code/resources/app/extensions/json-language-features/client/dist/jsonMain
[2019-05-05 12:24:19.819] [exthost] [info] ExtensionService#_doActivateExtension vscode.typescript-language-features {"startup":false,"activationEvent":"onLanguage:jsonc"}
[2019-05-05 12:24:19.819] [exthost] [info] ExtensionService#loadCommonJSModule /usr/share/code/resources/app/extensions/typescript-language-features/dist/extension
[2019-05-05 12:24:27.322] [exthost] [info] ExtensionService#_doActivateExtension vscode.php-language-features {"startup":false,"activationEvent":"onLanguage:php"}
[2019-05-05 12:24:27.322] [exthost] [info] ExtensionService#loadCommonJSModule /usr/share/code/resources/app/extensions/php-language-features/dist/phpMain
