[2019-05-11 13:05:57.337] [renderer1] [error] Inotify limit reached (ENOSPC)
[2019-05-11 13:19:09.746] [renderer1] [error] Unable to move/copy when source path is equal or parent of target path: Error: Unable to move/copy when source path is equal or parent of target path
    at p.<anonymous> (file:///usr/share/code/resources/app/out/vs/workbench/workbench.main.js:3389:964)
    at Generator.next (<anonymous>)
    at file:///usr/share/code/resources/app/out/vs/workbench/workbench.main.js:32:460
    at new Promise (<anonymous>)
    at n (file:///usr/share/code/resources/app/out/vs/workbench/workbench.main.js:32:237)
    at p.doValidateMoveCopy (file:///usr/share/code/resources/app/out/vs/workbench/workbench.main.js:3389:801)
    at p.<anonymous> (file:///usr/share/code/resources/app/out/vs/workbench/workbench.main.js:3388:193)
    at Generator.next (<anonymous>)
    at file:///usr/share/code/resources/app/out/vs/workbench/workbench.main.js:32:460
    at new Promise (<anonymous>)
    at n (file:///usr/share/code/resources/app/out/vs/workbench/workbench.main.js:32:237)
    at p.doMoveCopy (file:///usr/share/code/resources/app/out/vs/workbench/workbench.main.js:3388:118)
    at p.<anonymous> (file:///usr/share/code/resources/app/out/vs/workbench/workbench.main.js:3387:540)
    at Generator.next (<anonymous>)
    at r (file:///usr/share/code/resources/app/out/vs/workbench/workbench.main.js:32:293)
    at process._tickCallback (internal/process/next_tick.js:68:7)
[2019-05-11 13:34:55.110] [renderer1] [error] File has no history: Error: File has no history
	at gitService_GitService.getPreviousUri (/home/lap12448/.vscode/extensions/eamodio.gitlens-9.7.2/dist/extension.js:1:342017)
[2019-05-11 13:38:20.599] [renderer1] [error] File has no history: Error: File has no history
	at gitService_GitService.getPreviousUri (/home/lap12448/.vscode/extensions/eamodio.gitlens-9.7.2/dist/extension.js:1:342017)
[2019-05-11 13:59:03.360] [renderer1] [error] File has no history: Error: File has no history
	at gitService_GitService.getPreviousUri (/home/lap12448/.vscode/extensions/eamodio.gitlens-9.7.2/dist/extension.js:1:342017)
[2019-05-11 14:03:40.609] [renderer1] [error] File has no history: Error: File has no history
	at gitService_GitService.getPreviousUri (/home/lap12448/.vscode/extensions/eamodio.gitlens-9.7.2/dist/extension.js:1:342017)
[2019-05-11 14:05:36.503] [renderer1] [error] File has no history: Error: File has no history
	at gitService_GitService.getPreviousUri (/home/lap12448/.vscode/extensions/eamodio.gitlens-9.7.2/dist/extension.js:1:342017)
[2019-05-11 14:12:33.645] [renderer1] [error] Unable to move/copy when source path is equal or parent of target path: Error: Unable to move/copy when source path is equal or parent of target path
    at p.<anonymous> (file:///usr/share/code/resources/app/out/vs/workbench/workbench.main.js:3389:964)
    at Generator.next (<anonymous>)
    at file:///usr/share/code/resources/app/out/vs/workbench/workbench.main.js:32:460
    at new Promise (<anonymous>)
    at n (file:///usr/share/code/resources/app/out/vs/workbench/workbench.main.js:32:237)
    at p.doValidateMoveCopy (file:///usr/share/code/resources/app/out/vs/workbench/workbench.main.js:3389:801)
    at p.<anonymous> (file:///usr/share/code/resources/app/out/vs/workbench/workbench.main.js:3388:193)
    at Generator.next (<anonymous>)
    at file:///usr/share/code/resources/app/out/vs/workbench/workbench.main.js:32:460
    at new Promise (<anonymous>)
    at n (file:///usr/share/code/resources/app/out/vs/workbench/workbench.main.js:32:237)
    at p.doMoveCopy (file:///usr/share/code/resources/app/out/vs/workbench/workbench.main.js:3388:118)
    at p.<anonymous> (file:///usr/share/code/resources/app/out/vs/workbench/workbench.main.js:3387:540)
    at Generator.next (<anonymous>)
    at r (file:///usr/share/code/resources/app/out/vs/workbench/workbench.main.js:32:293)
    at process._tickCallback (internal/process/next_tick.js:68:7)
[2019-05-11 14:24:02.792] [renderer1] [error] File has no history: Error: File has no history
	at gitService_GitService.getPreviousUri (/home/lap12448/.vscode/extensions/eamodio.gitlens-9.7.2/dist/extension.js:1:342017)
[2019-05-11 14:24:08.243] [renderer1] [error] File has no history: Error: File has no history
	at gitService_GitService.getPreviousUri (/home/lap12448/.vscode/extensions/eamodio.gitlens-9.7.2/dist/extension.js:1:342017)
[2019-05-11 14:30:34.489] [renderer1] [error] File has no history: Error: File has no history
	at gitService_GitService.getPreviousUri (/home/lap12448/.vscode/extensions/eamodio.gitlens-9.7.2/dist/extension.js:1:342017)
[2019-05-11 14:48:08.896] [renderer1] [error] File has no history: Error: File has no history
	at gitService_GitService.getPreviousUri (/home/lap12448/.vscode/extensions/eamodio.gitlens-9.7.2/dist/extension.js:1:342017)
