Looking for git in: git
Using git 2.17.1 from git
> git rev-parse --show-toplevel
> git config --get commit.template
Open repository: /opt/lampp/htdocs/TTCNPM182-N35
> git status -z -u
> git symbolic-ref --short HEAD
> git rev-parse master
> git rev-parse --symbolic-full-name master@{u}
> git rev-list --left-right master...refs/remotes/origin/master
> git for-each-ref --format %(refname) %(objectname) --sort -committerdate
> git remote --verbose
> git check-ignore -z --stdin
> git check-ignore -z --stdin
> git check-ignore -z --stdin
> git check-ignore -z --stdin
> git check-ignore -z --stdin
> git check-ignore -z --stdin
> git show :hangrongbku/routes/web.php
> git check-ignore -z --stdin
> git check-ignore -z --stdin
> git check-ignore -z --stdin
> git show :hangrongbku/resources/views/template/pages/update_product.blade.php
> git show :hangrongbku/resources/views/template/pages/shopping-cart.blade.php
> git show :hangrongbku/routes/web.php
> git check-ignore -z --stdin
> git show :hangrongbku/resources/views/template/pages/index.blade.php
> git show :hangrongbku/routes/web.php
> git show :hangrongbku/resources/views/template/pages/upload_product.blade.php
> git show :hangrongbku/resources/views/template/pages/index.blade.php
> git show :hangrongbku/routes/web.php
> git check-ignore -z --stdin
> git check-ignore -z --stdin
> git check-ignore -z --stdin
> git show :hangrongbku/app/Http/Controllers/UserController.php
> git show :hangrongbku/resources/views/template/pages/upload_product.blade.php
> git show :hangrongbku/routes/web.php
> git show :hangrongbku/resources/views/template/pages/upload_product.blade.php
> git show :hangrongbku/app/Http/Controllers/UserController.php
> git show :hangrongbku/resources/views/template/pages/upload_product.blade.php
> git show :hangrongbku/routes/web.php
> git show :hangrongbku/app/Http/Controllers/UserController.php
> git show :hangrongbku/resources/views/template/pages/upload_product.blade.php
> git show :hangrongbku/resources/views/template/pages/product_user.blade.php
> git ls-files --stage -- hangrongbku/resources/views/template/pages/
> git check-ignore -z --stdin
> git show :hangrongbku/resources/views/template/pages/upload_product.blade.php
> git show :hangrongbku/resources/views/template/pages/product_user.blade.php
> git ls-files --stage -- hangrongbku/resources/views/template/pages/
> git show :hangrongbku/resources/views/template/pages/upload_product.blade.php
> git show :hangrongbku/resources/views/template/pages/product_user.blade.php
> git ls-files --stage -- hangrongbku/resources/views/template/pages/
> git show :hangrongbku/resources/views/template/pages/upload_product.blade.php
> git show :hangrongbku/resources/views/template/pages/upload_product.blade.php
> git show :hangrongbku/routes/web.php
> git show :hangrongbku/app/Http/Controllers/UserController.php
> git show :hangrongbku/resources/views/template/pages/upload_product.blade.php
> git show :hangrongbku/app/Http/Controllers/UserController.php
> git show :hangrongbku/resources/views/template/pages/product_user.blade.php
> git ls-files --stage -- hangrongbku/resources/views/template/pages/
> git show :hangrongbku/resources/views/template/pages/upload_product.blade.php
> git show :hangrongbku/app/Http/Controllers/ProductController.php
> git show :hangrongbku/resources/views/template/pages/upload_product.blade.php
> git show :hangrongbku/app/Http/Controllers/UserController.php
> git show :hangrongbku/routes/web.php
> git show :hangrongbku/app/Http/Controllers/UserController.php
> git show :hangrongbku/resources/views/template/pages/product_user.blade.php
> git ls-files --stage -- hangrongbku/resources/views/template/pages/
> git show :hangrongbku/app/Http/Controllers/UserController.php
> git show :hangrongbku/resources/views/template/pages/product_user.blade.php
> git ls-files --stage -- hangrongbku/resources/views/template/pages/
> git show :hangrongbku/app/Http/Controllers/UserController.php
> git show :hangrongbku/app/Http/Controllers/ProductController.php
> git show :hangrongbku/resources/views/template/pages/upload_product.blade.php
> git show :hangrongbku/app/Http/Controllers/UserController.php
> git show :hangrongbku/resources/views/template/pages/upload_product.blade.php
> git show :hangrongbku/app/Http/Controllers/UserController.php
