[2019-05-11 13:05:56.159] [exthost] [info] extension host started
[2019-05-11 13:05:56.188] [exthost] [info] ExtensionService#_doActivateExtension vscode.debug-auto-launch {"startup":true,"activationEvent":"*"}
[2019-05-11 13:05:56.188] [exthost] [info] ExtensionService#loadCommonJSModule /usr/share/code/resources/app/extensions/debug-auto-launch/dist/extension
[2019-05-11 13:05:56.190] [exthost] [info] ExtensionService#_doActivateExtension vscode.emmet {"startup":true,"activationEvent":"*"}
[2019-05-11 13:05:56.190] [exthost] [info] ExtensionService#loadCommonJSModule /usr/share/code/resources/app/extensions/emmet/dist/extension
[2019-05-11 13:05:56.202] [exthost] [info] ExtensionService#_doActivateExtension vscode.git {"startup":true,"activationEvent":"*"}
[2019-05-11 13:05:56.202] [exthost] [info] ExtensionService#loadCommonJSModule /usr/share/code/resources/app/extensions/git/dist/main
[2019-05-11 13:05:56.283] [exthost] [info] ExtensionService#_doActivateExtension vscode.merge-conflict {"startup":true,"activationEvent":"*"}
[2019-05-11 13:05:56.283] [exthost] [info] ExtensionService#loadCommonJSModule /usr/share/code/resources/app/extensions/merge-conflict/dist/extension
[2019-05-11 13:05:56.286] [exthost] [info] ExtensionService#_doActivateExtension alefragnani.project-manager {"startup":true,"activationEvent":"*"}
[2019-05-11 13:05:56.286] [exthost] [info] ExtensionService#loadCommonJSModule /home/lap12448/.vscode/extensions/alefragnani.project-manager-10.5.1/dist/extension
[2019-05-11 13:05:56.294] [exthost] [info] ExtensionService#_doActivateExtension eamodio.gitlens {"startup":true,"activationEvent":"*"}
[2019-05-11 13:05:56.294] [exthost] [info] ExtensionService#loadCommonJSModule /home/lap12448/.vscode/extensions/eamodio.gitlens-9.7.2/dist/extension
[2019-05-11 13:05:56.383] [exthost] [info] ExtensionService#_doActivateExtension michelemelluso.code-beautifier {"startup":true,"activationEvent":"*"}
[2019-05-11 13:05:56.383] [exthost] [info] ExtensionService#loadCommonJSModule /home/lap12448/.vscode/extensions/michelemelluso.code-beautifier-2.2.1/out/src/extension
[2019-05-11 13:05:56.729] [exthost] [info] ExtensionService#_doActivateExtension vscode.html-language-features {"startup":false,"activationEvent":"onLanguage:html"}
[2019-05-11 13:05:56.729] [exthost] [info] ExtensionService#loadCommonJSModule /usr/share/code/resources/app/extensions/html-language-features/client/dist/htmlMain
[2019-05-11 13:05:56.808] [exthost] [info] eager extensions activated
[2019-05-11 13:05:59.303] [exthost] [info] ExtensionService#_doActivateExtension vscode.configuration-editing {"startup":false,"activationEvent":"onLanguage:jsonc"}
[2019-05-11 13:05:59.303] [exthost] [info] ExtensionService#loadCommonJSModule /usr/share/code/resources/app/extensions/configuration-editing/dist/extension
[2019-05-11 13:05:59.310] [exthost] [info] ExtensionService#_doActivateExtension vscode.json-language-features {"startup":false,"activationEvent":"onLanguage:jsonc"}
[2019-05-11 13:05:59.310] [exthost] [info] ExtensionService#loadCommonJSModule /usr/share/code/resources/app/extensions/json-language-features/client/dist/jsonMain
[2019-05-11 13:05:59.361] [exthost] [info] ExtensionService#_doActivateExtension vscode.typescript-language-features {"startup":false,"activationEvent":"onLanguage:jsonc"}
[2019-05-11 13:05:59.361] [exthost] [info] ExtensionService#loadCommonJSModule /usr/share/code/resources/app/extensions/typescript-language-features/dist/extension
[2019-05-11 13:06:14.741] [exthost] [info] ExtensionService#_doActivateExtension vscode.php-language-features {"startup":false,"activationEvent":"onLanguage:php"}
[2019-05-11 13:06:14.741] [exthost] [info] ExtensionService#loadCommonJSModule /usr/share/code/resources/app/extensions/php-language-features/dist/phpMain
[2019-05-11 13:34:55.101] [exthost] [error] [eamodio.gitlens] provider FAILED
[2019-05-11 13:34:55.102] [exthost] [error] Error: File has no history
	at gitService_GitService.getPreviousUri (/home/lap12448/.vscode/extensions/eamodio.gitlens-9.7.2/dist/extension.js:1:342017)
[2019-05-11 13:34:55.102] [exthost] [error] [eamodio.gitlens] provider FAILED
[2019-05-11 13:34:55.102] [exthost] [error] Error: File has no history
	at gitService_GitService.getPreviousUri (/home/lap12448/.vscode/extensions/eamodio.gitlens-9.7.2/dist/extension.js:1:342017)
[2019-05-11 13:36:46.477] [exthost] [info] ExtensionService#_doActivateExtension VisualStudioExptTeam.vscodeintellicode {"startup":false,"activationEvent":"onLanguage:javascript"}
[2019-05-11 13:36:46.477] [exthost] [info] ExtensionService#loadCommonJSModule /home/lap12448/.vscode/extensions/visualstudioexptteam.vscodeintellicode-1.1.6/dist/intellicode
[2019-05-11 13:37:58.057] [exthost] [info] ExtensionService#_doActivateExtension vscode.extension-editing {"startup":false,"activationEvent":"onLanguage:typescript"}
[2019-05-11 13:37:58.057] [exthost] [info] ExtensionService#loadCommonJSModule /usr/share/code/resources/app/extensions/extension-editing/dist/extension
[2019-05-11 13:38:20.597] [exthost] [error] [eamodio.gitlens] provider FAILED
[2019-05-11 13:38:20.598] [exthost] [error] Error: File has no history
	at gitService_GitService.getPreviousUri (/home/lap12448/.vscode/extensions/eamodio.gitlens-9.7.2/dist/extension.js:1:342017)
[2019-05-11 13:38:20.598] [exthost] [error] [eamodio.gitlens] provider FAILED
[2019-05-11 13:38:20.598] [exthost] [error] Error: File has no history
	at gitService_GitService.getPreviousUri (/home/lap12448/.vscode/extensions/eamodio.gitlens-9.7.2/dist/extension.js:1:342017)
[2019-05-11 13:59:03.358] [exthost] [error] [eamodio.gitlens] provider FAILED
[2019-05-11 13:59:03.358] [exthost] [error] Error: File has no history
	at gitService_GitService.getPreviousUri (/home/lap12448/.vscode/extensions/eamodio.gitlens-9.7.2/dist/extension.js:1:342017)
[2019-05-11 13:59:03.358] [exthost] [error] [eamodio.gitlens] provider FAILED
[2019-05-11 13:59:03.358] [exthost] [error] Error: File has no history
	at gitService_GitService.getPreviousUri (/home/lap12448/.vscode/extensions/eamodio.gitlens-9.7.2/dist/extension.js:1:342017)
[2019-05-11 14:03:40.609] [exthost] [error] [eamodio.gitlens] provider FAILED
[2019-05-11 14:03:40.609] [exthost] [error] Error: File has no history
	at gitService_GitService.getPreviousUri (/home/lap12448/.vscode/extensions/eamodio.gitlens-9.7.2/dist/extension.js:1:342017)
[2019-05-11 14:03:40.609] [exthost] [error] [eamodio.gitlens] provider FAILED
[2019-05-11 14:03:40.609] [exthost] [error] Error: File has no history
	at gitService_GitService.getPreviousUri (/home/lap12448/.vscode/extensions/eamodio.gitlens-9.7.2/dist/extension.js:1:342017)
[2019-05-11 14:05:36.502] [exthost] [error] [eamodio.gitlens] provider FAILED
[2019-05-11 14:05:36.502] [exthost] [error] Error: File has no history
	at gitService_GitService.getPreviousUri (/home/lap12448/.vscode/extensions/eamodio.gitlens-9.7.2/dist/extension.js:1:342017)
[2019-05-11 14:05:36.502] [exthost] [error] [eamodio.gitlens] provider FAILED
[2019-05-11 14:05:36.502] [exthost] [error] Error: File has no history
	at gitService_GitService.getPreviousUri (/home/lap12448/.vscode/extensions/eamodio.gitlens-9.7.2/dist/extension.js:1:342017)
[2019-05-11 14:05:36.887] [exthost] [error] [eamodio.gitlens] provider FAILED
[2019-05-11 14:05:36.887] [exthost] [error] Error: File has no history
	at gitService_GitService.getPreviousUri (/home/lap12448/.vscode/extensions/eamodio.gitlens-9.7.2/dist/extension.js:1:342017)
[2019-05-11 14:05:36.887] [exthost] [error] [eamodio.gitlens] provider FAILED
[2019-05-11 14:05:36.887] [exthost] [error] Error: File has no history
	at gitService_GitService.getPreviousUri (/home/lap12448/.vscode/extensions/eamodio.gitlens-9.7.2/dist/extension.js:1:342017)
[2019-05-11 14:24:02.791] [exthost] [error] [eamodio.gitlens] provider FAILED
[2019-05-11 14:24:02.791] [exthost] [error] Error: File has no history
	at gitService_GitService.getPreviousUri (/home/lap12448/.vscode/extensions/eamodio.gitlens-9.7.2/dist/extension.js:1:342017)
[2019-05-11 14:24:02.791] [exthost] [error] [eamodio.gitlens] provider FAILED
[2019-05-11 14:24:02.791] [exthost] [error] Error: File has no history
	at gitService_GitService.getPreviousUri (/home/lap12448/.vscode/extensions/eamodio.gitlens-9.7.2/dist/extension.js:1:342017)
[2019-05-11 14:24:08.242] [exthost] [error] [eamodio.gitlens] provider FAILED
[2019-05-11 14:24:08.242] [exthost] [error] Error: File has no history
	at gitService_GitService.getPreviousUri (/home/lap12448/.vscode/extensions/eamodio.gitlens-9.7.2/dist/extension.js:1:342017)
[2019-05-11 14:24:08.242] [exthost] [error] [eamodio.gitlens] provider FAILED
[2019-05-11 14:24:08.242] [exthost] [error] Error: File has no history
	at gitService_GitService.getPreviousUri (/home/lap12448/.vscode/extensions/eamodio.gitlens-9.7.2/dist/extension.js:1:342017)
[2019-05-11 14:30:34.488] [exthost] [error] [eamodio.gitlens] provider FAILED
[2019-05-11 14:30:34.488] [exthost] [error] Error: File has no history
	at gitService_GitService.getPreviousUri (/home/lap12448/.vscode/extensions/eamodio.gitlens-9.7.2/dist/extension.js:1:342017)
[2019-05-11 14:30:34.489] [exthost] [error] [eamodio.gitlens] provider FAILED
[2019-05-11 14:30:34.489] [exthost] [error] Error: File has no history
	at gitService_GitService.getPreviousUri (/home/lap12448/.vscode/extensions/eamodio.gitlens-9.7.2/dist/extension.js:1:342017)
[2019-05-11 14:48:08.896] [exthost] [error] [eamodio.gitlens] provider FAILED
[2019-05-11 14:48:08.896] [exthost] [error] Error: File has no history
	at gitService_GitService.getPreviousUri (/home/lap12448/.vscode/extensions/eamodio.gitlens-9.7.2/dist/extension.js:1:342017)
[2019-05-11 14:48:08.896] [exthost] [error] [eamodio.gitlens] provider FAILED
[2019-05-11 14:48:08.896] [exthost] [error] Error: File has no history
	at gitService_GitService.getPreviousUri (/home/lap12448/.vscode/extensions/eamodio.gitlens-9.7.2/dist/extension.js:1:342017)
