Looking for git in: git
Using git 2.17.1 from git
> git rev-parse --show-toplevel
> git config --get commit.template
Open repository: /opt/lampp/htdocs/TTCNPM182-N35
> git status -z -u
> git symbolic-ref --short HEAD
> git rev-parse master
> git rev-parse --symbolic-full-name master@{u}
> git rev-list --left-right master...refs/remotes/origin/master
> git for-each-ref --format %(refname) %(objectname) --sort -committerdate
> git remote --verbose
> git show :hangrongbku/readme.md
> git check-ignore -z --stdin
> git check-ignore -z --stdin
> git check-ignore -z --stdin
> git show :hangrongbku/database/migrations/2019_05_18_025749_create_ratings_table.php
> git ls-files --stage -- hangrongbku/database/migrations/
> git show :hangrongbku/readme.md
> git check-ignore -z --stdin
> git check-ignore -z --stdin
> git show :hangrongbku/app/Post.php
> git ls-files --stage -- hangrongbku/app/
> git check-ignore -z --stdin
> git show :hangrongbku/app/Comments.php
> git show :hangrongbku/app/Post.php
> git ls-files --stage -- hangrongbku/app/
> git show :hangrongbku/app/Comments.php
> git show :hangrongbku/app/Post.php
> git ls-files --stage -- hangrongbku/app/
> git check-ignore -z --stdin
> git show :hangrongbku/routes/web.php
> git check-ignore -z --stdin
> git check-ignore -z --stdin
> git show :hangrongbku/app/Http/Controllers/HomeController.php
> git ls-files --stage -- hangrongbku/app/Http/Controllers/
> git check-ignore -z --stdin
> git check-ignore -z --stdin
> git check-ignore -z --stdin
> git show :hangrongbku/resources/views/posts.blade.php
> git ls-files --stage -- hangrongbku/resources/views/
> git check-ignore -z --stdin
> git show :hangrongbku/resources/views/postShows.blade.php
> git ls-files --stage -- hangrongbku/resources/views/
> git check-ignore -z --stdin
> git show :hangrongbku/resources/views/postsShow.blade.php
> git ls-files --stage -- hangrongbku/resources/views/
> git check-ignore -z --stdin
> git check-ignore -z --stdin
> git show :hangrongbku/resources/views/layouts/app.blade.php
> git ls-files --stage -- hangrongbku/resources/views/layouts/
> git check-ignore -z --stdin
> git show :hangrongbku/resources/views/postsShow.blade.php
> git ls-files --stage -- hangrongbku/resources/views/
> git show :hangrongbku/resources/views/master.blade.php
> git check-ignore -z --stdin
> git show :hangrongbku/public/css/preview.css
> git ls-files --stage -- hangrongbku/public/css/
> git check-ignore -z --stdin
> git show :hangrongbku/resources/views/master.blade.php
> git show :hangrongbku/resources/views/postsShow.blade.php
> git ls-files --stage -- hangrongbku/resources/views/
> git show :hangrongbku/resources/views/posts.blade.php
> git ls-files --stage -- hangrongbku/resources/views/
> git show :hangrongbku/resources/views/master.blade.php
> git show :hangrongbku/resources/views/postsShow.blade.php
> git ls-files --stage -- hangrongbku/resources/views/
> git show :hangrongbku/routes/web.php
> git show :hangrongbku/app/Http/Controllers/HomeController.php
> git ls-files --stage -- hangrongbku/app/Http/Controllers/
> git show :hangrongbku/routes/web.php
> git show :hangrongbku/app/Http/Controllers/HomeController.php
> git ls-files --stage -- hangrongbku/app/Http/Controllers/
> git show :hangrongbku/resources/views/posts.blade.php
> git ls-files --stage -- hangrongbku/resources/views/
> git show :hangrongbku/resources/views/postsShow.blade.php
> git ls-files --stage -- hangrongbku/resources/views/
> git check-ignore -z --stdin
> git check-ignore -z --stdin
> git check-ignore -z --stdin
> git check-ignore -z --stdin
> git check-ignore -z --stdin
> git show :hangrongbku/resources/views/template/pages/product.blade.php
> git show :hangrongbku/public/css/preview.css
> git ls-files --stage -- hangrongbku/public/css/
> git show :hangrongbku/resources/views/template/pages/product.blade.php
> git check-ignore -z --stdin
> git show :hangrongbku/public/css/preview.css
> git ls-files --stage -- hangrongbku/public/css/
> git show :hangrongbku/resources/views/template/pages/product.blade.php
> git check-ignore -z --stdin
> git show :hangrongbku/resources/views/posts.blade.php
> git ls-files --stage -- hangrongbku/resources/views/
> git show :hangrongbku/resources/views/template/pages/product.blade.php
> git show :hangrongbku/resources/views/postsShow.blade.php
> git ls-files --stage -- hangrongbku/resources/views/
> git show :hangrongbku/resources/views/template/pages/product.blade.php
> git show :hangrongbku/routes/web.php
> git show :hangrongbku/app/Http/Controllers/HomeController.php
> git ls-files --stage -- hangrongbku/app/Http/Controllers/
> git show :hangrongbku/routes/web.php
> git show :hangrongbku/public/css/app.css
> git check-ignore -z --stdin
> git show :hangrongbku/public/js/script.js
> git check-ignore -z --stdin
> git check-ignore -z --stdin
> git check-ignore -z --stdin
> git show :hangrongbku/public/css/app.css
> git show :hangrongbku/public/css/rating.css
> git ls-files --stage -- hangrongbku/public/css/
> git check-ignore -z --stdin
> git show :hangrongbku/resources/views/master.blade.php
> git check-ignore -z --stdin
> git check-ignore -z --stdin
> git show :hangrongbku/public/css/rating.css
> git ls-files --stage -- hangrongbku/public/css/
> git show :hangrongbku/public/css/app.css
> git show :hangrongbku/public/css/rating.css
> git ls-files --stage -- hangrongbku/public/css/
> git show :hangrongbku/resources/views/master.blade.php
> git show :hangrongbku/public/js/script.js
> git show :hangrongbku/public/css/rating.css
> git ls-files --stage -- hangrongbku/public/css/
> git show :hangrongbku/public/css/app.css
> git show :hangrongbku/public/css/rating.css
> git ls-files --stage -- hangrongbku/public/css/
> git show :hangrongbku/public/js/rating.js
> git ls-files --stage -- hangrongbku/public/js/
> git check-ignore -z --stdin
> git show :hangrongbku/public/css/rating.css
> git ls-files --stage -- hangrongbku/public/css/
> git show :hangrongbku/public/css/app.css
> git show :hangrongbku/app/Post.php
> git ls-files --stage -- hangrongbku/app/
> git show :hangrongbku/public/css/app.css
> git show :hangrongbku/routes/web.php
> git show :hangrongbku/public/css/app.css
> git show :hangrongbku/resources/views/master.blade.php
> git show :hangrongbku/resources/views/template/pages/product.blade.php
> git show :hangrongbku/resources/views/template/pages/upload_product.blade.php
> git show :hangrongbku/resources/views/template/pages/product.blade.php
> git show :hangrongbku/composer.json
> git show :hangrongbku/readme.md
> git show :hangrongbku/resources/views/template/pages/product.blade.php
> git show :hangrongbku/resources/views/template/pages/upload_product.blade.php
> git show :hangrongbku/resources/views/master.blade.php
> git check-ignore -z --stdin
> git show :hangrongbku/resources/views/template/css/app.css
> git show :hangrongbku/resources/views/master.blade.php
> git check-ignore -z --stdin
> git check-ignore -z --stdin
> git show :hangrongbku/resources/views/template/assets/dest/css/rating.css
> git ls-files --stage -- hangrongbku/resources/views/template/assets/dest/css/
> git check-ignore -z --stdin
> git show :hangrongbku/resources/views/master.blade.php
> git show :hangrongbku/resources/views/template/assets/dest/css/rating.css
> git ls-files --stage -- hangrongbku/resources/views/template/assets/dest/css/
> git show :hangrongbku/resources/views/template/pages/product.blade.php
> git show :hangrongbku/resources/views/template/pages/upload_product.blade.php
> git show :hangrongbku/resources/views/master.blade.php
> git check-ignore -z --stdin
> git check-ignore -z --stdin
> git show :hangrongbku/public/js/rating.js
> git ls-files --stage -- hangrongbku/public/js/
> git check-ignore -z --stdin
> git check-ignore -z --stdin
> git check-ignore -z --stdin
> git show :hangrongbku/public/js/script.js
> git show :hangrongbku/public/js/rating.js
> git ls-files --stage -- hangrongbku/public/js/
> git show :hangrongbku/public/js/app.js
> git show :hangrongbku/public/js/rating.js
> git ls-files --stage -- hangrongbku/public/js/
> git show :hangrongbku/resources/views/master.blade.php
> git show :hangrongbku/resources/views/template/assets/dest/js/rating.js
> git ls-files --stage -- hangrongbku/resources/views/template/assets/dest/js/
> git check-ignore -z --stdin
> git show :hangrongbku/resources/views/master.blade.php
> git show :hangrongbku/resources/views/template/pages/product.blade.php
> git show :hangrongbku/resources/views/master.blade.php
> git show :hangrongbku/resources/views/template/assets/dest/js/rating.js
> git ls-files --stage -- hangrongbku/resources/views/template/assets/dest/js/
> git show :hangrongbku/resources/views/template/pages/product.blade.php
> git show :hangrongbku/resources/views/template/assets/dest/js/rating.js
> git ls-files --stage -- hangrongbku/resources/views/template/assets/dest/js/
> git show :hangrongbku/resources/views/master.blade.php
> git show :hangrongbku/resources/views/template/assets/dest/js/rating.js
> git ls-files --stage -- hangrongbku/resources/views/template/assets/dest/js/
> git show :hangrongbku/resources/views/template/pages/upload_product.blade.php
> git show :hangrongbku/resources/views/template/pages/product.blade.php
> git show :hangrongbku/resources/views/template/pages/upload_product.blade.php
> git check-ignore -z --stdin
> git check-ignore -z --stdin
> git show :hangrongbku/public/assets/dest/js/scripts.min.js
> git show :hangrongbku/public/js/script.js
> git show :hangrongbku/public/js/rating.js
> git ls-files --stage -- hangrongbku/public/js/
> git show :hangrongbku/resources/views/template/pages/upload_product.blade.php
> git show :hangrongbku/resources/views/template/pages/product.blade.php
> git show :hangrongbku/resources/views/template/assets/dest/css/rating.css
> git ls-files --stage -- hangrongbku/resources/views/template/assets/dest/css/
> git show :hangrongbku/resources/views/template/assets/dest/css/red.css
> git show :hangrongbku/resources/views/template/assets/dest/css/rating.css
> git ls-files --stage -- hangrongbku/resources/views/template/assets/dest/css/
> git show :hangrongbku/resources/views/template/assets/dest/css/huong-style.css
> git show :hangrongbku/resources/views/template/assets/dest/css/rating.css
> git ls-files --stage -- hangrongbku/resources/views/template/assets/dest/css/
> git show :hangrongbku/public/css/rating.css
> git ls-files --stage -- hangrongbku/public/css/
> git show :hangrongbku/public/js/script.js
> git show :hangrongbku/resources/views/master.blade.php
> git show :hangrongbku/resources/views/template/pages/product.blade.php
> git show :hangrongbku/resources/views/master.blade.php
> git show :hangrongbku/resources/views/template/assets/dest/js/rating.js
> git ls-files --stage -- hangrongbku/resources/views/template/assets/dest/js/
> git show :hangrongbku/public/js/script.js
> git show :hangrongbku/public/js/rating.js
> git ls-files --stage -- hangrongbku/public/js/
> git show :hangrongbku/resources/views/template/assets/dest/js/rating.js
> git ls-files --stage -- hangrongbku/resources/views/template/assets/dest/js/
> git show :hangrongbku/public/js/rating.js
> git ls-files --stage -- hangrongbku/public/js/
> git show :hangrongbku/resources/views/template/assets/dest/js/rating.js
> git ls-files --stage -- hangrongbku/resources/views/template/assets/dest/js/
> git show :hangrongbku/public/js/rating.js
> git ls-files --stage -- hangrongbku/public/js/
> git show :hangrongbku/resources/views/master.blade.php
> git show :hangrongbku/resources/views/template/assets/dest/js/rating.js
> git ls-files --stage -- hangrongbku/resources/views/template/assets/dest/js/
> git show :hangrongbku/resources/views/master.blade.php
> git show :hangrongbku/public/js/rating.js
> git ls-files --stage -- hangrongbku/public/js/
> git show :hangrongbku/resources/views/master.blade.php
> git show :hangrongbku/public/css/rating.css
> git ls-files --stage -- hangrongbku/public/css/
> git show :hangrongbku/public/js/rating.js
> git ls-files --stage -- hangrongbku/public/js/
> git show :hangrongbku/resources/views/master.blade.php
> git show :hangrongbku/public/js/rating.js
> git ls-files --stage -- hangrongbku/public/js/
> git show :hangrongbku/config/app.php
> git show :hangrongbku/public/css/rating.css
> git ls-files --stage -- hangrongbku/public/css/
> git show :hangrongbku/public/css/preview.css
> git ls-files --stage -- hangrongbku/public/css/
> git show :hangrongbku/resources/views/master.blade.php
> git show :hangrongbku/app/Post.php
> git ls-files --stage -- hangrongbku/app/
> git show :hangrongbku/routes/web.php
> git show :hangrongbku/app/Http/Controllers/HomeController.php
> git ls-files --stage -- hangrongbku/app/Http/Controllers/
> git show :hangrongbku/resources/views/posts.blade.php
> git ls-files --stage -- hangrongbku/resources/views/
> git show :hangrongbku/resources/views/postsShow.blade.php
> git ls-files --stage -- hangrongbku/resources/views/
> git show :hangrongbku/resources/views/posts.blade.php
> git ls-files --stage -- hangrongbku/resources/views/
> git show :hangrongbku/resources/views/master.blade.php
> git show :hangrongbku/resources/views/welcome.blade.php
> git check-ignore -z --stdin
> git show :hangrongbku/resources/views/template/pages/contact.blade.php
> git show :hangrongbku/resources/views/posts.blade.php
> git ls-files --stage -- hangrongbku/resources/views/
> git show :hangrongbku/routes/web.php
> git show :hangrongbku/resources/views/template/pages/contact.blade.php
> git show :hangrongbku/resources/views/posts.blade.php
> git ls-files --stage -- hangrongbku/resources/views/
> git show :hangrongbku/app/Http/Controllers/HomeController.php
> git ls-files --stage -- hangrongbku/app/Http/Controllers/
> git show :hangrongbku/resources/views/template/pages/contact.blade.php
> git show :hangrongbku/resources/views/posts.blade.php
> git ls-files --stage -- hangrongbku/resources/views/
> git show :hangrongbku/resources/views/welcome.blade.php
> git show :hangrongbku/resources/views/postsShow.blade.php
> git ls-files --stage -- hangrongbku/resources/views/
> git show :hangrongbku/resources/views/posts.blade.php
> git ls-files --stage -- hangrongbku/resources/views/
> git show :hangrongbku/resources/views/postsShow.blade.php
> git ls-files --stage -- hangrongbku/resources/views/
> git show :hangrongbku/resources/views/posts.blade.php
> git ls-files --stage -- hangrongbku/resources/views/
> git show :hangrongbku/resources/views/template/pages/postsShow.blade.php
> git ls-files --stage -- hangrongbku/resources/views/template/pages/
> git check-ignore -z --stdin
> git show :hangrongbku/routes/web.php
> git show :hangrongbku/app/Http/Controllers/HomeController.php
> git ls-files --stage -- hangrongbku/app/Http/Controllers/
> git show :hangrongbku/app/Post.php
> git ls-files --stage -- hangrongbku/app/
> git show :hangrongbku/app/Products.php
> git show :hangrongbku/app/User.php
> git check-ignore -z --stdin
> git show :hangrongbku/app/OrderDetail.php
> git show :hangrongbku/app/Post.php
> git ls-files --stage -- hangrongbku/app/
> git show :hangrongbku/app/Http/Controllers/HomeController.php
> git ls-files --stage -- hangrongbku/app/Http/Controllers/
> git show :hangrongbku/resources/views/template/master.blade.php
> git show :hangrongbku/resources/views/master.blade.php
> git show :hangrongbku/resources/views/template/master.blade.php
> git show :hangrongbku/resources/views/master.blade.php
> git show :hangrongbku/resources/views/template/master.blade.php
> git show :hangrongbku/resources/views/master.blade.php
> git show :hangrongbku/resources/views/template/master.blade.php
> git show :hangrongbku/app/Http/Controllers/HomeController.php
> git ls-files --stage -- hangrongbku/app/Http/Controllers/
> git show :hangrongbku/routes/web.php
> git show :hangrongbku/resources/views/template/pages/posts.blade.php
> git ls-files --stage -- hangrongbku/resources/views/template/pages/
> git show :hangrongbku/resources/views/template/pages/postsShow.blade.php
> git ls-files --stage -- hangrongbku/resources/views/template/pages/
> git show :hangrongbku/resources/views/template/pages/posts.blade.php
> git ls-files --stage -- hangrongbku/resources/views/template/pages/
> git show :hangrongbku/routes/web.php
> git show :hangrongbku/app/Http/Controllers/NotificationCotroller.php
> git show :hangrongbku/app/Http/Controllers/HomeController.php
> git ls-files --stage -- hangrongbku/app/Http/Controllers/
> git show :hangrongbku/app/Http/Controllers/ProductController.php
> git show :hangrongbku/app/Http/Controllers/HomeController.php
> git ls-files --stage -- hangrongbku/app/Http/Controllers/
> git show :hangrongbku/routes/web.php
> git show :hangrongbku/resources/views/template/pages/postsShow.blade.php
> git ls-files --stage -- hangrongbku/resources/views/template/pages/
> git show :hangrongbku/resources/views/posts.blade.php
> git ls-files --stage -- hangrongbku/resources/views/
> git show :hangrongbku/app/Post.php
> git ls-files --stage -- hangrongbku/app/
> git show :hangrongbku/resources/views/posts.blade.php
> git ls-files --stage -- hangrongbku/resources/views/
> git show :hangrongbku/app/Http/Controllers/HomeController.php
> git ls-files --stage -- hangrongbku/app/Http/Controllers/
> git show :hangrongbku/resources/views/postsShow.blade.php
> git ls-files --stage -- hangrongbku/resources/views/
> git show :hangrongbku/resources/views/template/pages/upload_product.blade.php
> git show :hangrongbku/resources/views/template/pages/product.blade.php
> git show :hangrongbku/resources/views/master.blade.php
> git show :hangrongbku/resources/views/template/pages/product.blade.php
> git show :hangrongbku/resources/views/template/master.blade.php
> git show :hangrongbku/routes/web.php
> git show :hangrongbku/app/Http/Controllers/HomeController.php
> git ls-files --stage -- hangrongbku/app/Http/Controllers/
> git show :hangrongbku/routes/web.php
> git show :hangrongbku/resources/views/template/pages/product.blade.php
> git show :hangrongbku/.editorconfig
> git show :hangrongbku/composer.json
> git show :hangrongbku/public/css/preview.css
> git ls-files --stage -- hangrongbku/public/css/
> git show :hangrongbku/resources/views/template/master.blade.php
> git show :hangrongbku/resources/views/template/pages/product.blade.php
> git show :hangrongbku/resources/views/posts.blade.php
> git ls-files --stage -- hangrongbku/resources/views/
> git show :hangrongbku/resources/views/template/pages/product.blade.php
> git show :hangrongbku/resources/views/posts.blade.php
> git ls-files --stage -- hangrongbku/resources/views/
> git show :hangrongbku/resources/views/template/pages/product.blade.php
> git show :hangrongbku/resources/views/posts.blade.php
> git ls-files --stage -- hangrongbku/resources/views/
> git show :hangrongbku/resources/views/postsShow.blade.php
> git ls-files --stage -- hangrongbku/resources/views/
> git show :hangrongbku/resources/views/posts.blade.php
> git ls-files --stage -- hangrongbku/resources/views/
> git check-ignore -z --stdin
> git show :hangrongbku/routes/web.php
> git show :hangrongbku/resources/views/posts.blade.php
> git ls-files --stage -- hangrongbku/resources/views/
> git check-ignore -z --stdin
> git show :hangrongbku/database/migrations/2019_05_19_080417_create_posts_table.php
> git ls-files --stage -- hangrongbku/database/migrations/
> git check-ignore -z --stdin
> git show :hangrongbku/resources/views/posts.blade.php
> git ls-files --stage -- hangrongbku/resources/views/
> git show :hangrongbku/database/migrations/2019_05_19_081637_create_ratings_table.php
> git ls-files --stage -- hangrongbku/database/migrations/
> git show :hangrongbku/database/migrations/2019_05_19_070938_create_ratings_table.php
> git ls-files --stage -- hangrongbku/database/migrations/
> git show :hangrongbku/resources/views/posts.blade.php
> git ls-files --stage -- hangrongbku/resources/views/
> git show :hangrongbku/database/migrations/2019_05_19_081637_create_ratings_table.php
> git ls-files --stage -- hangrongbku/database/migrations/
> git show :hangrongbku/resources/views/posts.blade.php
> git ls-files --stage -- hangrongbku/resources/views/
> git show :hangrongbku/resources/views/template/pages/product.blade.php
> git show :hangrongbku/resources/views/template/pages/index.blade.php
> git show :hangrongbku/routes/web.php
> git show :hangrongbku/app/Http/Controllers/ProductController.php
> git show :hangrongbku/resources/views/template/pages/product.blade.php
> git show :hangrongbku/routes/web.php
> git show :hangrongbku/resources/views/template/pages/product.blade.php
> git show :hangrongbku/routes/web.php
> git show :hangrongbku/app/Http/Controllers/ProductController.php
> git show :hangrongbku/routes/web.php
> git show :hangrongbku/app/Http/Controllers/ProductController.php
> git show :hangrongbku/routes/web.php
> git show :hangrongbku/resources/views/template/pages/product.blade.php
> git show :hangrongbku/app/Http/Controllers/ProductController.php
> git show :hangrongbku/app/Products.php
> git show :hangrongbku/resources/views/template/master.blade.php
> git show :hangrongbku/app/Http/Controllers/ProductController.php
> git show :hangrongbku/resources/views/template/pages/product.blade.php
> git show :hangrongbku/resources/views/template/master.blade.php
> git show :hangrongbku/routes/web.php
> git show :hangrongbku/resources/views/template/pages/product.blade.php
> git show :hangrongbku/app/Http/Controllers/ProductController.php
> git show :hangrongbku/routes/web.php
> git show :hangrongbku/app/Http/Controllers/ProductController.php
> git show :hangrongbku/routes/web.php
> git show :hangrongbku/app/Http/Controllers/ProductController.php
> git show :hangrongbku/app/Products.php
> git show :hangrongbku/resources/views/posts.blade.php
> git ls-files --stage -- hangrongbku/resources/views/
> git show :hangrongbku/routes/web.php
> git show :hangrongbku/resources/views/template/master.blade.php
> git show :hangrongbku/routes/web.php
> git show :hangrongbku/resources/views/template/pages/product.blade.php
> git show :hangrongbku/routes/web.php
> git show :hangrongbku/app/Http/Controllers/ProductController.php
> git show :hangrongbku/routes/web.php
> git show :hangrongbku/app/Http/Controllers/ProductController.php
> git show :hangrongbku/app/Products.php
> git show :hangrongbku/resources/views/template/pages/product.blade.php
> git show :hangrongbku/app/Http/Controllers/ProductController.php
> git show :hangrongbku/routes/web.php
> git show :hangrongbku/app/Http/Controllers/ProductController.php
> git show :hangrongbku/resources/views/template/pages/product.blade.php
> git show :hangrongbku/resources/views/template/pages/index.blade.php
> git show :hangrongbku/resources/views/template/pages/product.blade.php
> git show :hangrongbku/resources/views/template/pages/index.blade.php
> git show :hangrongbku/app/Http/Controllers/ProductController.php
> git show :hangrongbku/resources/views/template/pages/index.blade.php
> git show :hangrongbku/app/Http/Controllers/ProductController.php
> git show :hangrongbku/routes/web.php
> git show :hangrongbku/resources/views/template/pages/index.blade.php
> git show :hangrongbku/routes/web.php
> git show :hangrongbku/app/Http/Controllers/ProductController.php
> git show :hangrongbku/routes/web.php
> git show :hangrongbku/app/Http/Controllers/ProductController.php
> git show :hangrongbku/resources/views/template/pages/index.blade.php
> git show :hangrongbku/resources/views/template/pages/product.blade.php
> git show :hangrongbku/app/Post.php
> git ls-files --stage -- hangrongbku/app/
> git show :hangrongbku/resources/views/template/pages/product.blade.php
> git show :hangrongbku/app/Products.php
> git show :hangrongbku/resources/views/template/pages/product.blade.php
> git show :hangrongbku/app/Products.php
> git show :hangrongbku/resources/views/template/pages/index.blade.php
> git show :hangrongbku/app/Http/Controllers/ProductController.php
> git show :hangrongbku/resources/views/template/pages/product.blade.php
> git show :hangrongbku/routes/web.php
> git show :hangrongbku/app/Http/Controllers/ProductController.php
> git show :hangrongbku/routes/web.php
> git show :hangrongbku/app/Http/Controllers/ProductController.php
> git show :hangrongbku/resources/views/template/pages/product.blade.php
> git show :hangrongbku/app/Products.php
> git show :hangrongbku/resources/views/template/pages/index.blade.php
> git show :hangrongbku/resources/views/template/pages/product.blade.php
> git show :hangrongbku/app/Http/Controllers/ProductController.php
> git show :hangrongbku/resources/views/template/pages/product.blade.php
> git show :hangrongbku/app/Products.php
> git show :hangrongbku/resources/views/template/master.blade.php
> git show :hangrongbku/routes/web.php
> git show :hangrongbku/resources/views/template/pages/product.blade.php
> git show :hangrongbku/app/Http/Controllers/ProductController.php
> git show :hangrongbku/resources/views/posts.blade.php
> git ls-files --stage -- hangrongbku/resources/views/
> git show :hangrongbku/public/css/preview.css
> git ls-files --stage -- hangrongbku/public/css/
> git show :hangrongbku/resources/views/template/pages/product.blade.php
> git show :hangrongbku/app/Http/Controllers/ProductController.php
> git show :hangrongbku/resources/views/posts.blade.php
> git ls-files --stage -- hangrongbku/resources/views/
> git show :hangrongbku/resources/views/template/pages/product.blade.php
> git show :hangrongbku/app/Products.php
> git show :hangrongbku/resources/views/template/pages/product.blade.php
> git show :hangrongbku/resources/views/template/pages/product_user.blade.php
> git show :hangrongbku/app/Products.php
> git show :hangrongbku/resources/views/template/pages/index.blade.php
> git show :hangrongbku/resources/views/template/pages/product_user.blade.php
> git show :hangrongbku/resources/views/template/pages/product.blade.php
> git show :hangrongbku/resources/views/template/pages/product_user.blade.php
> git show :hangrongbku/resources/views/template/pages/product.blade.php
> git show :hangrongbku/resources/views/template/pages/product_user.blade.php
> git show :hangrongbku/app/Http/Controllers/ProductController.php
> git show :hangrongbku/app/Products.php
> git show :hangrongbku/resources/views/posts.blade.php
> git ls-files --stage -- hangrongbku/resources/views/
> git show :hangrongbku/app/Products.php
> git show :hangrongbku/resources/views/template/pages/product.blade.php
> git show :hangrongbku/resources/views/template/pages/upload_product.blade.php
> git show :hangrongbku/routes/web.php
> git show :hangrongbku/app/Http/Controllers/UserController.php
> git show :hangrongbku/resources/views/template/pages/product.blade.php
> git show :hangrongbku/app/Http/Controllers/ProductController.php
> git show :hangrongbku/app/UserCarts.php
> git show :hangrongbku/resources/views/template/pages/shopping-cart.blade.php
> git show :hangrongbku/routes/web.php
> git show :hangrongbku/app/Http/Controllers/UserController.php
> git show :hangrongbku/routes/web.php
> git show :hangrongbku/app/Http/Controllers/UserController.php
> git show :hangrongbku/app/Http/Controllers/ProductController.php
> git show :hangrongbku/app/Products.php
> git show :hangrongbku/resources/views/template/pages/index.blade.php
> git show :hangrongbku/app/Products.php
> git show :hangrongbku/resources/views/template/pages/index.blade.php
> git show :hangrongbku/resources/views/template/master.blade.php
> git show :hangrongbku/app/Http/Controllers/UserController.php
> git show :hangrongbku/app/Http/Controllers/ProductController.php
> git show :hangrongbku/routes/web.php
> git show :hangrongbku/app/Http/Controllers/ProductController.php
> git show :hangrongbku/public/css/preview.css
> git ls-files --stage -- hangrongbku/public/css/
> git show :hangrongbku/app/Http/Controllers/ProductController.php
> git show :hangrongbku/resources/views/template/master.blade.php
> git show :hangrongbku/routes/web.php
> git show :hangrongbku/app/Http/Controllers/ProductController.php
> git show :hangrongbku/resources/views/template/pages/product.blade.php
> git show :hangrongbku/resources/views/template/pages/index.blade.php
> git show :hangrongbku/app/Http/Controllers/ProductController.php
> git show :hangrongbku/routes/web.php
> git show :hangrongbku/resources/views/template/master.blade.php
> git show :hangrongbku/resources/views/template/pages/product.blade.php
> git show :hangrongbku/database/migrations/2019_05_19_081637_create_ratings_table.php
> git ls-files --stage -- hangrongbku/database/migrations/
> git show :hangrongbku/resources/views/template/pages/product.blade.php
