Looking for git in: git
Using git 2.17.1 from git
> git rev-parse --show-toplevel
> git config --get commit.template
Open repository: /opt/lampp/htdocs/TTCNPM182-N35
> git status -z -u
> git symbolic-ref --short HEAD
> git rev-parse master
> git rev-parse --symbolic-full-name master@{u}
> git rev-list --left-right master...refs/remotes/origin/master
> git for-each-ref --format %(refname) %(objectname) --sort -committerdate
> git remote --verbose
> git check-ignore -z --stdin
> git check-ignore -z --stdin
> git check-ignore -z --stdin
> git check-ignore -z --stdin
> git check-ignore -z --stdin
> git check-ignore -z --stdin
> git check-ignore -z --stdin
> git check-ignore -z --stdin
> git show :hangrongbku/app/Order.php
> git show :hangrongbku/composer.json
> git show :hangrongbku/config/app.php
> git check-ignore -z --stdin
> git check-ignore -z --stdin
> git check-ignore -z --stdin
> git show :hangrongbku/database/seeds/DatabaseSeeder.php
> git show :hangrongbku/database/migrations/2019_04_13_154043_create_comments_table.php
> git show :hangrongbku/database/migrations/2019_05_10_233523_create_notifications_table.php
> git show :hangrongbku/database/migrations/2019_05_18_024553_create_ratings_table.php
> git ls-files --stage -- hangrongbku/database/migrations/
> git show :hangrongbku/config/database.php
> git show :hangrongbku/config/app.php
> git show :hangrongbku/composer.json
