[2019-05-19 14:09:03.939] [exthost] [info] extension host started
[2019-05-19 14:09:03.968] [exthost] [info] ExtensionService#_doActivateExtension vscode.extension-editing {"startup":false,"activationEvent":"onLanguage:markdown"}
[2019-05-19 14:09:03.968] [exthost] [info] ExtensionService#loadCommonJSModule /usr/share/code/resources/app/extensions/extension-editing/dist/extension
[2019-05-19 14:09:04.009] [exthost] [info] ExtensionService#_doActivateExtension vscode.markdown-language-features {"startup":false,"activationEvent":"onLanguage:markdown"}
[2019-05-19 14:09:04.009] [exthost] [info] ExtensionService#loadCommonJSModule /usr/share/code/resources/app/extensions/markdown-language-features/dist/extension
[2019-05-19 14:09:04.090] [exthost] [info] ExtensionService#_doActivateExtension DavidAnson.vscode-markdownlint {"startup":false,"activationEvent":"onLanguage:markdown"}
[2019-05-19 14:09:04.090] [exthost] [info] ExtensionService#loadCommonJSModule /home/lap12448/.vscode/extensions/davidanson.vscode-markdownlint-0.26.0/extension
[2019-05-19 14:09:04.093] [exthost] [info] ExtensionService#_doActivateExtension shd101wyy.markdown-preview-enhanced {"startup":false,"activationEvent":"onLanguage:markdown"}
[2019-05-19 14:09:04.093] [exthost] [info] ExtensionService#loadCommonJSModule /home/lap12448/.vscode/extensions/shd101wyy.markdown-preview-enhanced-0.3.13/out/src/extension
[2019-05-19 14:09:04.983] [exthost] [info] ExtensionService#_doActivateExtension vscode.debug-auto-launch {"startup":true,"activationEvent":"*"}
[2019-05-19 14:09:04.983] [exthost] [info] ExtensionService#loadCommonJSModule /usr/share/code/resources/app/extensions/debug-auto-launch/dist/extension
[2019-05-19 14:09:04.985] [exthost] [info] ExtensionService#_doActivateExtension vscode.emmet {"startup":true,"activationEvent":"*"}
[2019-05-19 14:09:04.985] [exthost] [info] ExtensionService#loadCommonJSModule /usr/share/code/resources/app/extensions/emmet/dist/extension
[2019-05-19 14:09:05.000] [exthost] [info] ExtensionService#_doActivateExtension vscode.git {"startup":true,"activationEvent":"*"}
[2019-05-19 14:09:05.000] [exthost] [info] ExtensionService#loadCommonJSModule /usr/share/code/resources/app/extensions/git/dist/main
[2019-05-19 14:09:05.083] [exthost] [info] ExtensionService#_doActivateExtension vscode.merge-conflict {"startup":true,"activationEvent":"*"}
[2019-05-19 14:09:05.083] [exthost] [info] ExtensionService#loadCommonJSModule /usr/share/code/resources/app/extensions/merge-conflict/dist/extension
[2019-05-19 14:09:05.089] [exthost] [info] ExtensionService#_doActivateExtension alefragnani.project-manager {"startup":true,"activationEvent":"*"}
[2019-05-19 14:09:05.089] [exthost] [info] ExtensionService#loadCommonJSModule /home/lap12448/.vscode/extensions/alefragnani.project-manager-10.5.1/dist/extension
[2019-05-19 14:09:05.097] [exthost] [info] ExtensionService#_doActivateExtension eamodio.gitlens {"startup":true,"activationEvent":"*"}
[2019-05-19 14:09:05.098] [exthost] [info] ExtensionService#loadCommonJSModule /home/lap12448/.vscode/extensions/eamodio.gitlens-9.7.4/dist/extension
[2019-05-19 14:09:05.195] [exthost] [info] ExtensionService#_doActivateExtension michelemelluso.code-beautifier {"startup":true,"activationEvent":"*"}
[2019-05-19 14:09:05.195] [exthost] [info] ExtensionService#loadCommonJSModule /home/lap12448/.vscode/extensions/michelemelluso.code-beautifier-2.2.1/out/src/extension
[2019-05-19 14:09:05.540] [exthost] [info] eager extensions activated
[2019-05-19 14:09:05.620] [exthost] [info] ExtensionService#_doActivateExtension vscode.configuration-editing {"startup":false,"activationEvent":"onLanguage:json"}
[2019-05-19 14:09:05.620] [exthost] [info] ExtensionService#loadCommonJSModule /usr/share/code/resources/app/extensions/configuration-editing/dist/extension
[2019-05-19 14:09:05.629] [exthost] [info] ExtensionService#_doActivateExtension vscode.json-language-features {"startup":false,"activationEvent":"onLanguage:json"}
[2019-05-19 14:09:05.629] [exthost] [info] ExtensionService#loadCommonJSModule /usr/share/code/resources/app/extensions/json-language-features/client/dist/jsonMain
[2019-05-19 14:09:05.703] [exthost] [info] ExtensionService#_doActivateExtension vscode.npm {"startup":false,"activationEvent":"onLanguage:json"}
[2019-05-19 14:09:05.703] [exthost] [info] ExtensionService#loadCommonJSModule /usr/share/code/resources/app/extensions/npm/dist/main
[2019-05-19 14:09:06.603] [exthost] [info] ExtensionService#_doActivateExtension vscode.typescript-language-features {"startup":false,"activationEvent":"onLanguage:jsonc"}
[2019-05-19 14:09:06.603] [exthost] [info] ExtensionService#loadCommonJSModule /usr/share/code/resources/app/extensions/typescript-language-features/dist/extension
[2019-05-19 14:09:16.685] [exthost] [info] ExtensionService#_doActivateExtension vscode.php-language-features {"startup":false,"activationEvent":"onLanguage:php"}
[2019-05-19 14:09:16.685] [exthost] [info] ExtensionService#loadCommonJSModule /usr/share/code/resources/app/extensions/php-language-features/dist/phpMain
[2019-05-19 14:19:39.161] [exthost] [info] ExtensionService#_doActivateExtension vscode.css-language-features {"startup":false,"activationEvent":"onLanguage:css"}
[2019-05-19 14:19:39.161] [exthost] [info] ExtensionService#loadCommonJSModule /usr/share/code/resources/app/extensions/css-language-features/client/dist/cssMain
[2019-05-19 14:33:02.909] [exthost] [info] ExtensionService#_doActivateExtension VisualStudioExptTeam.vscodeintellicode {"startup":false,"activationEvent":"onLanguage:javascript"}
[2019-05-19 14:33:02.909] [exthost] [info] ExtensionService#loadCommonJSModule /home/lap12448/.vscode/extensions/visualstudioexptteam.vscodeintellicode-1.1.6/dist/intellicode
[2019-05-19 14:52:24.509] [exthost] [info] ExtensionService#_doActivateExtension vscode.html-language-features {"startup":false,"activationEvent":"onLanguage:html"}
[2019-05-19 14:52:24.509] [exthost] [info] ExtensionService#loadCommonJSModule /usr/share/code/resources/app/extensions/html-language-features/client/dist/htmlMain
